Unity Editor version:    2022.3.42f1 (2dcb6a0abc42)
Branch:                  2022.3/staging
Build type:              Release
Batch mode:              YES
macOS version:           Version 14.6.1 (Build 23G93)
Darwin version:          23.6.0
Architecture:            x86_64
Running under Rosetta:   NO
Available memory:        16384 MB
Using pre-set license
Pro License: YES

COMMAND LINE ARGUMENTS:
/Applications/Unity/Hub/Editor/2022.3.42f1/Unity.app/Contents/MacOS/Unity
-adb2
-batchMode
-noUpm
-name
AssetImportWorker1
-projectPath
/Users/carolinecunningham/Assignment6/assn6
-logFile
Logs/AssetImportWorker1.log
-srvPort
60442
Successfully changed project path to: /Users/carolinecunningham/Assignment6/assn6
/Users/carolinecunningham/Assignment6/assn6
[UnityMemory] Configuration Parameters - Can be set up in boot.config
    "memorysetup-bucket-allocator-granularity=16"
    "memorysetup-bucket-allocator-bucket-count=8"
    "memorysetup-bucket-allocator-block-size=33554432"
    "memorysetup-bucket-allocator-block-count=8"
    "memorysetup-main-allocator-block-size=16777216"
    "memorysetup-thread-allocator-block-size=16777216"
    "memorysetup-gfx-main-allocator-block-size=16777216"
    "memorysetup-gfx-thread-allocator-block-size=16777216"
    "memorysetup-cache-allocator-block-size=4194304"
    "memorysetup-typetree-allocator-block-size=2097152"
    "memorysetup-profiler-bucket-allocator-granularity=16"
    "memorysetup-profiler-bucket-allocator-bucket-count=8"
    "memorysetup-profiler-bucket-allocator-block-size=33554432"
    "memorysetup-profiler-bucket-allocator-block-count=8"
    "memorysetup-profiler-allocator-block-size=16777216"
    "memorysetup-profiler-editor-allocator-block-size=1048576"
    "memorysetup-temp-allocator-size-main=16777216"
    "memorysetup-job-temp-allocator-block-size=2097152"
    "memorysetup-job-temp-allocator-block-size-background=1048576"
    "memorysetup-job-temp-allocator-reduction-small-platforms=262144"
    "memorysetup-allocator-temp-initial-block-size-main=262144"
    "memorysetup-allocator-temp-initial-block-size-worker=262144"
    "memorysetup-temp-allocator-size-background-worker=32768"
    "memorysetup-temp-allocator-size-job-worker=262144"
    "memorysetup-temp-allocator-size-preload-manager=33554432"
    "memorysetup-temp-allocator-size-nav-mesh-worker=65536"
    "memorysetup-temp-allocator-size-audio-worker=65536"
    "memorysetup-temp-allocator-size-cloud-worker=32768"
    "memorysetup-temp-allocator-size-gi-baking-worker=262144"
    "memorysetup-temp-allocator-size-gfx=262144"
Player connection [140704413654464]  Target information:

Player connection [140704413654464]  * "[IP] 192.168.86.166 [Port] 0 [Flags] 2 [Guid] 114365413 [EditorId] 114365413 [Version] 1048832 [Id] OSXEditor(0,carolinesmbp51.lan) [Debug] 1 [PackageName] OSXEditor [ProjectName] Editor" 

Player connection [140704413654464] Host joined multi-casting on [225.0.0.222:54997]...
Player connection [140704413654464] Host joined alternative multi-casting on [225.0.0.222:34997]...
[PhysX] Initialized MultithreadedTaskDispatcher with 8 workers.
Refreshing native plugins compatible for Editor in 130.92 ms, found 14 plugins.
Preloading 1 native plugins for Editor in 4.75 ms.
Initialize engine version: 2022.3.42f1 (2dcb6a0abc42)
[Subsystems] Discovering subsystems at path /Applications/Unity/Hub/Editor/2022.3.42f1/Unity.app/Contents/Resources/UnitySubsystems
[Subsystems] Discovering subsystems at path /Users/carolinecunningham/Assignment6/assn6/Assets
GfxDevice: creating device client; threaded=0; jobified=0
Color LCD preferred device: Intel(R) Iris(TM) Plus Graphics (low power)
Metal devices available: 1
0: Intel(R) Iris(TM) Plus Graphics (low power)
Using device Intel(R) Iris(TM) Plus Graphics (low power)
Initializing Metal device caps: Intel(R) Iris(TM) Plus Graphics
Shader 'Meta/MRUK/Scene/HighlightsAndShadows': fallback shader 'Off' not found
Shader 'Oculus/OVRMRCameraFrameLit': fallback shader 'Alpha-Diffuse' not found
Initialize mono
Mono path[0] = '/Applications/Unity/Hub/Editor/2022.3.42f1/Unity.app/Contents/Managed'
Mono path[1] = '/Applications/Unity/Hub/Editor/2022.3.42f1/Unity.app/Contents/MonoBleedingEdge/lib/mono/unityjit-macos'
Mono config path = '/Applications/Unity/Hub/Editor/2022.3.42f1/Unity.app/Contents/MonoBleedingEdge/etc'
Using monoOptions --debugger-agent=transport=dt_socket,embedding=1,server=y,suspend=n,address=127.0.0.1:56618
Begin MonoManager ReloadAssembly
Registering precompiled unity dll's ...
Register platform support module: /Applications/Unity/Hub/Editor/2022.3.42f1/PlaybackEngines/WebGLSupport/UnityEditor.WebGL.Extensions.dll
Register platform support module: /Applications/Unity/Hub/Editor/2022.3.42f1/Unity.app/Contents/PlaybackEngines/MacStandaloneSupport/UnityEditor.OSXStandalone.Extensions.dll
Register platform support module: /Applications/Unity/Hub/Editor/2022.3.42f1/PlaybackEngines/AndroidPlayer/UnityEditor.Android.Extensions.dll
Registered in 0.012772 seconds.
- Loaded All Assemblies, in  1.101 seconds
Native extension for Android target not found
Android Extension - Scanning For ADB Devices 211 ms
Native extension for OSXStandalone target not found
Native extension for WebGL target not found
Mono: successfully reloaded assembly
- Finished resetting the current domain, in  1.028 seconds
Domain Reload Profiling: 2129ms
	BeginReloadAssembly (391ms)
		ExecutionOrderSort (0ms)
		DisableScriptedObjects (0ms)
		BackupInstance (0ms)
		ReleaseScriptingObjects (0ms)
		CreateAndSetChildDomain (2ms)
	RebuildCommonClasses (80ms)
	RebuildNativeTypeToScriptingClass (25ms)
	initialDomainReloadingComplete (138ms)
	LoadAllAssembliesAndSetupDomain (467ms)
		LoadAssemblies (395ms)
		RebuildTransferFunctionScriptingTraits (0ms)
		AnalyzeDomain (458ms)
			TypeCache.Refresh (454ms)
				TypeCache.ScanAssembly (412ms)
			ScanForSourceGeneratedMonoScriptInfo (1ms)
			ResolveRequiredComponents (1ms)
	FinalizeReload (1029ms)
		ReleaseScriptCaches (0ms)
		RebuildScriptCaches (0ms)
		SetupLoadedEditorAssemblies (893ms)
			LogAssemblyErrors (0ms)
			InitializePlatformSupportModulesInManaged (490ms)
			SetLoadedEditorAssemblies (7ms)
			RefreshPlugins (0ms)
			BeforeProcessingInitializeOnLoad (5ms)
			ProcessInitializeOnLoadAttributes (291ms)
			ProcessInitializeOnLoadMethodAttributes (100ms)
			AfterProcessingInitializeOnLoad (0ms)
			EditorAssembliesLoaded (0ms)
		ExecutionOrderSort2 (0ms)
		AwakeInstancesAfterBackupRestoration (0ms)
========================================================================
Worker process is ready to serve import requests
Caller must complete domain reload
Begin MonoManager ReloadAssembly
Symbol file LoadedFromMemory is not a mono symbol file
- Loaded All Assemblies, in  2.214 seconds
Native extension for Android target not found
Native extension for OSXStandalone target not found
Native extension for WebGL target not found
Package Manager log level set to [2]
[Package Manager] Server::EnsureServerProcessIsRunning -- launch failed, reason: Unity was launched with the -noUpm command-line argument
[Package Manager] UpmClient::Send -- Unable to send message (not connected to UPM process).
[Package Manager] Cannot connect to Unity Package Manager local server
[Package Manager] Server::EnsureServerProcessIsRunning -- launch failed, reason: Unity was launched with the -noUpm command-line argument
[Package Manager] UpmClient::Send -- Unable to send message (not connected to UPM process).
[Package Manager] Cannot connect to Unity Package Manager local server
05/11 22:06:14.537 {DEBUG}   [AnalyticsLifeTime] Pre initialization finished.
05/11 22:06:14.537 {DEBUG}   [AnalyticsLifeTime] Post-migration initialization finished.
[Package Manager] Server::EnsureServerProcessIsRunning -- launch failed, reason: Unity was launched with the -noUpm command-line argument
[Package Manager] UpmClient::Send -- Unable to send message (not connected to UPM process).
[Package Manager] Cannot connect to Unity Package Manager local server
Mono: successfully reloaded assembly
[Package Manager] Server::EnsureServerProcessIsRunning -- launch failed, reason: Unity was launched with the -noUpm command-line argument
[Package Manager] UpmClient::Send -- Unable to send message (not connected to UPM process).
[Package Manager] Cannot connect to Unity Package Manager local server
[Package Manager] Server::EnsureServerProcessIsRunning -- launch failed, reason: Unity was launched with the -noUpm command-line argument
[Package Manager] UpmClient::Send -- Unable to send message (not connected to UPM process).
[Package Manager] Cannot connect to Unity Package Manager local server
- Finished resetting the current domain, in  3.033 seconds
Domain Reload Profiling: 5247ms
	BeginReloadAssembly (281ms)
		ExecutionOrderSort (0ms)
		DisableScriptedObjects (11ms)
		BackupInstance (0ms)
		ReleaseScriptingObjects (1ms)
		CreateAndSetChildDomain (65ms)
	RebuildCommonClasses (81ms)
	RebuildNativeTypeToScriptingClass (26ms)
	initialDomainReloadingComplete (114ms)
	LoadAllAssembliesAndSetupDomain (1711ms)
		LoadAssemblies (1009ms)
		RebuildTransferFunctionScriptingTraits (0ms)
		AnalyzeDomain (838ms)
			TypeCache.Refresh (593ms)
				TypeCache.ScanAssembly (538ms)
			ScanForSourceGeneratedMonoScriptInfo (172ms)
			ResolveRequiredComponents (61ms)
	FinalizeReload (3034ms)
		ReleaseScriptCaches (0ms)
		RebuildScriptCaches (0ms)
		SetupLoadedEditorAssemblies (2401ms)
			LogAssemblyErrors (0ms)
			InitializePlatformSupportModulesInManaged (50ms)
			SetLoadedEditorAssemblies (16ms)
			RefreshPlugins (0ms)
			BeforeProcessingInitializeOnLoad (235ms)
			ProcessInitializeOnLoadAttributes (1871ms)
			ProcessInitializeOnLoadMethodAttributes (226ms)
			AfterProcessingInitializeOnLoad (2ms)
			EditorAssembliesLoaded (0ms)
		ExecutionOrderSort2 (0ms)
		AwakeInstancesAfterBackupRestoration (8ms)
Shader 'Oculus/OVRMRCameraFrameLit': fallback shader 'Alpha-Diffuse' not found
Shader 'Meta/MRUK/Scene/HighlightsAndShadows': fallback shader 'Off' not found
[OVRPlugin][INFO] UnityPluginLoad called
Launching external process: /Applications/Unity/Hub/Editor/2022.3.42f1/Unity.app/Contents/Tools/UnityShaderCompiler
Launched and connected shader compiler UnityShaderCompiler after 0.14 seconds
Refreshing native plugins compatible for Editor in 73.43 ms, found 14 plugins.
Preloading 1 native plugins for Editor in 0.33 ms.
Unloading 8056 Unused Serialized files (Serialized files now loaded: 0)
Unloading 118 unused Assets / (0.6 MB). Loaded Objects now: 8484.
Memory consumption went from 324.7 MB to 324.1 MB.
Total: 12.554630 ms (FindLiveObjects: 0.673557 ms CreateObjectMapping: 0.958044 ms MarkObjects: 10.379211 ms  DeleteObjects: 0.542310 ms)

AssetImportParameters requested are different than current active one (requested -> active):
  custom:container-demuxer-ogg: 62fdf1f143b41e24485cea50d1cbac27 -> 
  custom:container-muxer-webm: aa71ff27fc2769a1b78a27578f13a17b -> 
  custom:video-decoder-webm-vp8: 9c59270c3fd7afecdb556c50c9e8de78 -> 
  custom:SearchIndexIgnoredProperties: e643bd26f0fe6173181afceb89e7c659 -> 
  custom:AudioImporter_EditorPlatform: 3918e3fc78b5a79bad01e8451be0beb8 -> 
  custom:audio-decoder-ogg-vorbis: bf7c407c2cedff20999df2af8eb42d56 -> 
  custom:audio-encoder-webm-vorbis: bf7c407c2cedff20999df2af8eb42d56 -> 
  custom:video-decoder-ogg-theora: a1e56fd34408186e4bbccfd4996cb3dc -> 
  custom:CustomObjectIndexerAttribute: 72b91833f83ae208fae7752999fa3104 -> 
  custom:container-demuxer-webm: 4f35f7cbe854078d1ac9338744f61a02 -> 
  custom:framework-osx-AVFoundation: e770b220cccbd017edd2c1fefb359320 -> 
  custom:video-encoder-webm-vp8: eb34c28f22e8b96e1ab97ce403110664 -> 
========================================================================
Received Import Request.
  Time since last request: 578382.249657 seconds.
  path: Assets/FloorMaterial.mat
  artifactKey: Guid(bcedee359bc52495b9e3ead4f1392f4d) Importer(815301076,1909f56bfc062723c751e8b465ee728b)
Start importing Assets/FloorMaterial.mat using Guid(bcedee359bc52495b9e3ead4f1392f4d) Importer(815301076,1909f56bfc062723c751e8b465ee728b) [PhysX] Initialized MultithreadedTaskDispatcher with 8 workers.
[PhysX] Initialized MultithreadedTaskDispatcher with 8 workers.
 -> (artifact id: '60d24118c8a8e52d692bc6da50a0b999') in 2.459170 seconds
Number of updated asset objects reloaded before import = 0
Number of asset objects unloaded after import = 20
========================================================================
Received Import Request.
  Time since last request: 0.000147 seconds.
  path: Assets/Floor.prefab
  artifactKey: Guid(7c4f4958461a648d08cdf9bb9cb0f43f) Importer(815301076,1909f56bfc062723c751e8b465ee728b)
Start importing Assets/Floor.prefab using Guid(7c4f4958461a648d08cdf9bb9cb0f43f) Importer(815301076,1909f56bfc062723c751e8b465ee728b) [PhysX] Initialized MultithreadedTaskDispatcher with 8 workers.
[PhysX] Initialized MultithreadedTaskDispatcher with 8 workers.
 -> (artifact id: '3204e791e40cec6cfc8cade280a76afc') in 0.060018 seconds
Number of updated asset objects reloaded before import = 0
Number of asset objects unloaded after import = 9
========================================================================
Received Prepare
Caller must complete domain reload
Begin MonoManager ReloadAssembly
Symbol file LoadedFromMemory is not a mono symbol file
- Loaded All Assemblies, in  1.151 seconds
Native extension for Android target not found
Native extension for OSXStandalone target not found
Native extension for WebGL target not found
[Package Manager] Server::EnsureServerProcessIsRunning -- launch failed, reason: Unity was launched with the -noUpm command-line argument
[Package Manager] UpmClient::Send -- Unable to send message (not connected to UPM process).
[Package Manager] Cannot connect to Unity Package Manager local server
[Package Manager] Server::EnsureServerProcessIsRunning -- launch failed, reason: Unity was launched with the -noUpm command-line argument
[Package Manager] UpmClient::Send -- Unable to send message (not connected to UPM process).
[Package Manager] Cannot connect to Unity Package Manager local server
[Package Manager] Server::EnsureServerProcessIsRunning -- launch failed, reason: Unity was launched with the -noUpm command-line argument
[Package Manager] UpmClient::Send -- Unable to send message (not connected to UPM process).
[Package Manager] Cannot connect to Unity Package Manager local server
Mono: successfully reloaded assembly
[Package Manager] Server::EnsureServerProcessIsRunning -- launch failed, reason: Unity was launched with the -noUpm command-line argument
[Package Manager] UpmClient::Send -- Unable to send message (not connected to UPM process).
[Package Manager] Cannot connect to Unity Package Manager local server
- Finished resetting the current domain, in  6.147 seconds
Domain Reload Profiling: 7298ms
	BeginReloadAssembly (352ms)
		ExecutionOrderSort (0ms)
		DisableScriptedObjects (18ms)
		BackupInstance (0ms)
		ReleaseScriptingObjects (0ms)
		CreateAndSetChildDomain (158ms)
	RebuildCommonClasses (59ms)
	RebuildNativeTypeToScriptingClass (19ms)
	initialDomainReloadingComplete (41ms)
	LoadAllAssembliesAndSetupDomain (679ms)
		LoadAssemblies (747ms)
		RebuildTransferFunctionScriptingTraits (0ms)
		AnalyzeDomain (57ms)
			TypeCache.Refresh (11ms)
				TypeCache.ScanAssembly (0ms)
			ScanForSourceGeneratedMonoScriptInfo (0ms)
			ResolveRequiredComponents (42ms)
	FinalizeReload (6147ms)
		ReleaseScriptCaches (0ms)
		RebuildScriptCaches (0ms)
		SetupLoadedEditorAssemblies (3012ms)
			LogAssemblyErrors (0ms)
			InitializePlatformSupportModulesInManaged (178ms)
			SetLoadedEditorAssemblies (30ms)
			RefreshPlugins (0ms)
			BeforeProcessingInitializeOnLoad (392ms)
			ProcessInitializeOnLoadAttributes (2123ms)
			ProcessInitializeOnLoadMethodAttributes (284ms)
			AfterProcessingInitializeOnLoad (3ms)
			EditorAssembliesLoaded (2ms)
		ExecutionOrderSort2 (0ms)
		AwakeInstancesAfterBackupRestoration (60ms)
Shader 'Oculus/OVRMRCameraFrameLit': fallback shader 'Alpha-Diffuse' not found
Shader 'Meta/MRUK/Scene/HighlightsAndShadows': fallback shader 'Off' not found
Refreshing native plugins compatible for Editor in 90.73 ms, found 14 plugins.
Preloading 1 native plugins for Editor in 0.56 ms.
Unloading 7813 Unused Serialized files (Serialized files now loaded: 0)
Unloading 111 unused Assets / (0.5 MB). Loaded Objects now: 8569.
Memory consumption went from 285.8 MB to 285.2 MB.
Total: 24.584631 ms (FindLiveObjects: 0.570317 ms CreateObjectMapping: 0.780922 ms MarkObjects: 22.664854 ms  DeleteObjects: 0.567490 ms)

Prepare: number of updated asset objects reloaded= 0
AssetImportParameters requested are different than current active one (requested -> active):
  custom:container-demuxer-ogg: 62fdf1f143b41e24485cea50d1cbac27 -> 
  custom:container-muxer-webm: aa71ff27fc2769a1b78a27578f13a17b -> 
  custom:video-decoder-webm-vp8: 9c59270c3fd7afecdb556c50c9e8de78 -> 
  custom:SearchIndexIgnoredProperties: e643bd26f0fe6173181afceb89e7c659 -> 
  custom:AudioImporter_EditorPlatform: 3918e3fc78b5a79bad01e8451be0beb8 -> 
  custom:audio-decoder-ogg-vorbis: bf7c407c2cedff20999df2af8eb42d56 -> 
  custom:audio-encoder-webm-vorbis: bf7c407c2cedff20999df2af8eb42d56 -> 
  custom:video-decoder-ogg-theora: a1e56fd34408186e4bbccfd4996cb3dc -> 
  custom:CustomObjectIndexerAttribute: 72b91833f83ae208fae7752999fa3104 -> 
  custom:container-demuxer-webm: 4f35f7cbe854078d1ac9338744f61a02 -> 
  custom:framework-osx-AVFoundation: e770b220cccbd017edd2c1fefb359320 -> 
  custom:video-encoder-webm-vp8: eb34c28f22e8b96e1ab97ce403110664 -> 
========================================================================
Received Import Request.
  Time since last request: 134.618093 seconds.
  path: Assets/Free LowPoly SciFi Pack/Prefabs/CeilingLampA.prefab
  artifactKey: Guid(52ad5c9c020a19c4bb74de3a99cf0974) Importer(815301076,1909f56bfc062723c751e8b465ee728b)
Start importing Assets/Free LowPoly SciFi Pack/Prefabs/CeilingLampA.prefab using Guid(52ad5c9c020a19c4bb74de3a99cf0974) Importer(815301076,1909f56bfc062723c751e8b465ee728b) [PhysX] Initialized MultithreadedTaskDispatcher with 8 workers.
[PhysX] Initialized MultithreadedTaskDispatcher with 8 workers.
 -> (artifact id: '01d864ef286ec0668129d495f92eceb3') in 2.322728 seconds
Number of updated asset objects reloaded before import = 0
Number of asset objects unloaded after import = 29
========================================================================
Received Import Request.
  Time since last request: 0.000267 seconds.
  path: Assets/Free LowPoly SciFi Pack/Prefabs/FloorInteriorA4.prefab
  artifactKey: Guid(e274c7bd48f126345961fb198e1c16db) Importer(815301076,1909f56bfc062723c751e8b465ee728b)
Start importing Assets/Free LowPoly SciFi Pack/Prefabs/FloorInteriorA4.prefab using Guid(e274c7bd48f126345961fb198e1c16db) Importer(815301076,1909f56bfc062723c751e8b465ee728b) [PhysX] Initialized MultithreadedTaskDispatcher with 8 workers.
[PhysX] Initialized MultithreadedTaskDispatcher with 8 workers.
 -> (artifact id: 'da78d324bf70ee83bd470af9c49b7bd8') in 1.097028 seconds
Number of updated asset objects reloaded before import = 0
Number of asset objects unloaded after import = 14
========================================================================
Received Import Request.
  Time since last request: 0.000068 seconds.
  path: Assets/Free LowPoly SciFi Pack/Prefabs/FloorInteriorB1.prefab
  artifactKey: Guid(6ce6e58075082ee40aa64b4c59ccaf9c) Importer(815301076,1909f56bfc062723c751e8b465ee728b)
Start importing Assets/Free LowPoly SciFi Pack/Prefabs/FloorInteriorB1.prefab using Guid(6ce6e58075082ee40aa64b4c59ccaf9c) Importer(815301076,1909f56bfc062723c751e8b465ee728b) [PhysX] Initialized MultithreadedTaskDispatcher with 8 workers.
[PhysX] Initialized MultithreadedTaskDispatcher with 8 workers.
 -> (artifact id: '0704907656db2702017e3c849fbb9541') in 0.032460 seconds
Number of updated asset objects reloaded before import = 0
Number of asset objects unloaded after import = 12
========================================================================
Received Import Request.
  Time since last request: 0.000104 seconds.
  path: Assets/Free LowPoly SciFi Pack/Prefabs/PanelB.prefab
  artifactKey: Guid(c68b5d42961bd3a41a87f5d02a3af643) Importer(815301076,1909f56bfc062723c751e8b465ee728b)
Start importing Assets/Free LowPoly SciFi Pack/Prefabs/PanelB.prefab using Guid(c68b5d42961bd3a41a87f5d02a3af643) Importer(815301076,1909f56bfc062723c751e8b465ee728b) [PhysX] Initialized MultithreadedTaskDispatcher with 8 workers.
[PhysX] Initialized MultithreadedTaskDispatcher with 8 workers.
 -> (artifact id: '183b40e0ac007dd089b152d0e55cb9ec') in 0.028054 seconds
Number of updated asset objects reloaded before import = 0
Number of asset objects unloaded after import = 12
========================================================================
Received Import Request.
  Time since last request: 0.000197 seconds.
  path: Assets/Free LowPoly SciFi Pack/Prefabs/CornerWindowA.prefab
  artifactKey: Guid(3aa541d38da2cd643aec89b050153446) Importer(815301076,1909f56bfc062723c751e8b465ee728b)
Start importing Assets/Free LowPoly SciFi Pack/Prefabs/CornerWindowA.prefab using Guid(3aa541d38da2cd643aec89b050153446) Importer(815301076,1909f56bfc062723c751e8b465ee728b) [PhysX] Initialized MultithreadedTaskDispatcher with 8 workers.
[PhysX] Initialized MultithreadedTaskDispatcher with 8 workers.
 -> (artifact id: '6c2ff0b0f12a6fb5ccd4ba2c80302c94') in 0.042345 seconds
Number of updated asset objects reloaded before import = 0
Number of asset objects unloaded after import = 13
========================================================================
Received Import Request.
  Time since last request: 0.000082 seconds.
  path: Assets/Free LowPoly SciFi Pack/Prefabs/WallLargeB.prefab
  artifactKey: Guid(0150c0006494bd84198ac13cd4d0d7f5) Importer(815301076,1909f56bfc062723c751e8b465ee728b)
Start importing Assets/Free LowPoly SciFi Pack/Prefabs/WallLargeB.prefab using Guid(0150c0006494bd84198ac13cd4d0d7f5) Importer(815301076,1909f56bfc062723c751e8b465ee728b) [PhysX] Initialized MultithreadedTaskDispatcher with 8 workers.
[PhysX] Initialized MultithreadedTaskDispatcher with 8 workers.
 -> (artifact id: '1d64c59dd5277009eb790fdd05c0ac40') in 0.031768 seconds
Number of updated asset objects reloaded before import = 0
Number of asset objects unloaded after import = 12
========================================================================
Received Import Request.
  Time since last request: 0.000221 seconds.
  path: Assets/Free LowPoly SciFi Pack/Prefabs/FloorInteriorA6.prefab
  artifactKey: Guid(101f679722cc4c546a9cb039c6c83e77) Importer(815301076,1909f56bfc062723c751e8b465ee728b)
Start importing Assets/Free LowPoly SciFi Pack/Prefabs/FloorInteriorA6.prefab using Guid(101f679722cc4c546a9cb039c6c83e77) Importer(815301076,1909f56bfc062723c751e8b465ee728b) [PhysX] Initialized MultithreadedTaskDispatcher with 8 workers.
[PhysX] Initialized MultithreadedTaskDispatcher with 8 workers.
 -> (artifact id: '7e68533a5f99fa7187a84d74c6909794') in 0.034458 seconds
Number of updated asset objects reloaded before import = 0
Number of asset objects unloaded after import = 14
========================================================================
Received Import Request.
  Time since last request: 0.000096 seconds.
  path: Assets/Free LowPoly SciFi Pack/Prefabs/ColumnB.prefab
  artifactKey: Guid(8b4141ff278aa944e95d5357a1b9ad86) Importer(815301076,1909f56bfc062723c751e8b465ee728b)
Start importing Assets/Free LowPoly SciFi Pack/Prefabs/ColumnB.prefab using Guid(8b4141ff278aa944e95d5357a1b9ad86) Importer(815301076,1909f56bfc062723c751e8b465ee728b) [PhysX] Initialized MultithreadedTaskDispatcher with 8 workers.
[PhysX] Initialized MultithreadedTaskDispatcher with 8 workers.
 -> (artifact id: '7f574d2a26a4ae35770a7f36a9c25ff3') in 0.027231 seconds
Number of updated asset objects reloaded before import = 0
Number of asset objects unloaded after import = 13
========================================================================
Received Import Request.
  Time since last request: 0.000112 seconds.
  path: Assets/Free LowPoly SciFi Pack/Prefabs/WallSmallC.prefab
  artifactKey: Guid(ba75f6548b81ad440be3522e8695d23c) Importer(815301076,1909f56bfc062723c751e8b465ee728b)
Start importing Assets/Free LowPoly SciFi Pack/Prefabs/WallSmallC.prefab using Guid(ba75f6548b81ad440be3522e8695d23c) Importer(815301076,1909f56bfc062723c751e8b465ee728b) [PhysX] Initialized MultithreadedTaskDispatcher with 8 workers.
[PhysX] Initialized MultithreadedTaskDispatcher with 8 workers.
 -> (artifact id: 'd94bff03fbb83df7a636c5bc6a38fb8c') in 0.025824 seconds
Number of updated asset objects reloaded before import = 0
Number of asset objects unloaded after import = 12
========================================================================
Received Import Request.
  Time since last request: 0.000245 seconds.
  path: Assets/Free LowPoly SciFi Pack/Prefabs/RampSmall.prefab
  artifactKey: Guid(68a175f629f570f429cddf1860f76ad3) Importer(815301076,1909f56bfc062723c751e8b465ee728b)
Start importing Assets/Free LowPoly SciFi Pack/Prefabs/RampSmall.prefab using Guid(68a175f629f570f429cddf1860f76ad3) Importer(815301076,1909f56bfc062723c751e8b465ee728b) [PhysX] Initialized MultithreadedTaskDispatcher with 8 workers.
[PhysX] Initialized MultithreadedTaskDispatcher with 8 workers.
 -> (artifact id: 'bc0be707fe78e8a884108f300c29e64e') in 0.030942 seconds
Number of updated asset objects reloaded before import = 0
Number of asset objects unloaded after import = 12
========================================================================
Received Import Request.
  Time since last request: 0.000574 seconds.
  path: Assets/Free LowPoly SciFi Pack/Prefabs/LabTable.prefab
  artifactKey: Guid(e20b8b783289f644684f9e94fddbd56f) Importer(815301076,1909f56bfc062723c751e8b465ee728b)
Start importing Assets/Free LowPoly SciFi Pack/Prefabs/LabTable.prefab using Guid(e20b8b783289f644684f9e94fddbd56f) Importer(815301076,1909f56bfc062723c751e8b465ee728b) [PhysX] Initialized MultithreadedTaskDispatcher with 8 workers.
[PhysX] Initialized MultithreadedTaskDispatcher with 8 workers.
 -> (artifact id: '90e075a56ccafb016613fae6c49fb826') in 0.030134 seconds
Number of updated asset objects reloaded before import = 0
Number of asset objects unloaded after import = 12
========================================================================
Received Import Request.
  Time since last request: 0.000094 seconds.
  path: Assets/Free LowPoly SciFi Pack/Prefabs/GateSmallFrameC.prefab
  artifactKey: Guid(e6037065a7ca30841ba445cefd3ad5f8) Importer(815301076,1909f56bfc062723c751e8b465ee728b)
Start importing Assets/Free LowPoly SciFi Pack/Prefabs/GateSmallFrameC.prefab using Guid(e6037065a7ca30841ba445cefd3ad5f8) Importer(815301076,1909f56bfc062723c751e8b465ee728b) [PhysX] Initialized MultithreadedTaskDispatcher with 8 workers.
[PhysX] Initialized MultithreadedTaskDispatcher with 8 workers.
 -> (artifact id: '4f274b030cee84a08e2277a1b99a817e') in 0.038423 seconds
Number of updated asset objects reloaded before import = 0
Number of asset objects unloaded after import = 15
========================================================================
Received Import Request.
  Time since last request: 0.000092 seconds.
  path: Assets/Free LowPoly SciFi Pack/Prefabs/HandRailSmall.prefab
  artifactKey: Guid(230464eeaeb27b54c8c52bd67155038c) Importer(815301076,1909f56bfc062723c751e8b465ee728b)
Start importing Assets/Free LowPoly SciFi Pack/Prefabs/HandRailSmall.prefab using Guid(230464eeaeb27b54c8c52bd67155038c) Importer(815301076,1909f56bfc062723c751e8b465ee728b) [PhysX] Initialized MultithreadedTaskDispatcher with 8 workers.
[PhysX] Initialized MultithreadedTaskDispatcher with 8 workers.
 -> (artifact id: '41f80a960bb0e78ac598e4d8a476d992') in 0.021249 seconds
Number of updated asset objects reloaded before import = 0
Number of asset objects unloaded after import = 11
========================================================================
Received Import Request.
  Time since last request: 134.198296 seconds.
  path: Assets/SimpleSky/Prefabs/Cloud_02.prefab
  artifactKey: Guid(73ef0b63ffe19f94ab35e4475b345d70) Importer(815301076,1909f56bfc062723c751e8b465ee728b)
Start importing Assets/SimpleSky/Prefabs/Cloud_02.prefab using Guid(73ef0b63ffe19f94ab35e4475b345d70) Importer(815301076,1909f56bfc062723c751e8b465ee728b) [PhysX] Initialized MultithreadedTaskDispatcher with 8 workers.
[PhysX] Initialized MultithreadedTaskDispatcher with 8 workers.
 -> (artifact id: 'c840f36d78b32d6dcd449558a7fe1ad9') in 0.074061 seconds
Number of updated asset objects reloaded before import = 46
Number of asset objects unloaded after import = 10
========================================================================
Received Import Request.
  Time since last request: 0.001069 seconds.
  path: Assets/SimpleSky/Prefabs/Cloud_06.prefab
  artifactKey: Guid(c2391e8a6bdf5424194b61e41952a40a) Importer(815301076,1909f56bfc062723c751e8b465ee728b)
Start importing Assets/SimpleSky/Prefabs/Cloud_06.prefab using Guid(c2391e8a6bdf5424194b61e41952a40a) Importer(815301076,1909f56bfc062723c751e8b465ee728b) [PhysX] Initialized MultithreadedTaskDispatcher with 8 workers.
[PhysX] Initialized MultithreadedTaskDispatcher with 8 workers.
 -> (artifact id: '90563c1b4c506f40f785cb2f126d3da7') in 0.021394 seconds
Number of updated asset objects reloaded before import = 0
Number of asset objects unloaded after import = 10
========================================================================
Received Import Request.
  Time since last request: 0.001061 seconds.
  path: Assets/SimpleSky/Prefabs/SkyDome.prefab
  artifactKey: Guid(d0223f77114284b47a0e8b317e71e4dc) Importer(815301076,1909f56bfc062723c751e8b465ee728b)
Start importing Assets/SimpleSky/Prefabs/SkyDome.prefab using Guid(d0223f77114284b47a0e8b317e71e4dc) Importer(815301076,1909f56bfc062723c751e8b465ee728b) [PhysX] Initialized MultithreadedTaskDispatcher with 8 workers.
[PhysX] Initialized MultithreadedTaskDispatcher with 8 workers.
 -> (artifact id: '6fe6ffed91bf4b85d09546a43465f49f') in 0.029323 seconds
Number of updated asset objects reloaded before import = 0
Number of asset objects unloaded after import = 29
========================================================================
Received Import Request.
  Time since last request: 0.000156 seconds.
  path: Assets/SimpleSky/Prefabs/Cloud_05.prefab
  artifactKey: Guid(c37b1ccfbc7ed274eb99f9d40e72c4e6) Importer(815301076,1909f56bfc062723c751e8b465ee728b)
Start importing Assets/SimpleSky/Prefabs/Cloud_05.prefab using Guid(c37b1ccfbc7ed274eb99f9d40e72c4e6) Importer(815301076,1909f56bfc062723c751e8b465ee728b) [PhysX] Initialized MultithreadedTaskDispatcher with 8 workers.
[PhysX] Initialized MultithreadedTaskDispatcher with 8 workers.
 -> (artifact id: '5e79960077434137a47cf5cfc6cbc11e') in 0.033531 seconds
Internal: There are remaining Allocations on the JobTempAlloc. This is a leak, and will impact performance
To Debug, run app with -diag-job-temp-memory-leak-validation cmd line argument. This will output the callstacks of the leaked allocations.
Number of updated asset objects reloaded before import = 0
Number of asset objects unloaded after import = 10
========================================================================
Received Import Request.
  Time since last request: 0.005798 seconds.
  path: Assets/SimpleSky/Prefabs/Cloud_04.prefab
  artifactKey: Guid(420bde364644a314396dc8ed24ee99d6) Importer(815301076,1909f56bfc062723c751e8b465ee728b)
Start importing Assets/SimpleSky/Prefabs/Cloud_04.prefab using Guid(420bde364644a314396dc8ed24ee99d6) Importer(815301076,1909f56bfc062723c751e8b465ee728b) [PhysX] Initialized MultithreadedTaskDispatcher with 8 workers.
[PhysX] Initialized MultithreadedTaskDispatcher with 8 workers.
 -> (artifact id: 'a4df66aea8a9693438acbc777fa3e793') in 0.030074 seconds
Number of updated asset objects reloaded before import = 0
Number of asset objects unloaded after import = 10
========================================================================
Received Import Request.
  Time since last request: 90.547669 seconds.
  path: Assets/SimpleSky/Models/Cloud_02.fbx
  artifactKey: Guid(c943ee3841fcbd94d9630c5e4529b603) Importer(815301076,1909f56bfc062723c751e8b465ee728b)
Start importing Assets/SimpleSky/Models/Cloud_02.fbx using Guid(c943ee3841fcbd94d9630c5e4529b603) Importer(815301076,1909f56bfc062723c751e8b465ee728b) [PhysX] Initialized MultithreadedTaskDispatcher with 8 workers.
[PhysX] Initialized MultithreadedTaskDispatcher with 8 workers.
[PhysX] Initialized MultithreadedTaskDispatcher with 8 workers.
 -> (artifact id: '56419619ef3471b9ce4d31e4ffe15fc9') in 0.385181 seconds
Number of updated asset objects reloaded before import = 0
Number of asset objects unloaded after import = 8
========================================================================
Received Import Request.
  Time since last request: 0.000209 seconds.
  path: Assets/SimpleSky/Models/Cloud_03.fbx
  artifactKey: Guid(1b2c48376dafb734ab58d2226e1b7747) Importer(815301076,1909f56bfc062723c751e8b465ee728b)
Start importing Assets/SimpleSky/Models/Cloud_03.fbx using Guid(1b2c48376dafb734ab58d2226e1b7747) Importer(815301076,1909f56bfc062723c751e8b465ee728b) [PhysX] Initialized MultithreadedTaskDispatcher with 8 workers.
[PhysX] Initialized MultithreadedTaskDispatcher with 8 workers.
[PhysX] Initialized MultithreadedTaskDispatcher with 8 workers.
 -> (artifact id: '4b23697eae88e0453e98db532a619afb') in 0.050180 seconds
Number of updated asset objects reloaded before import = 0
Number of asset objects unloaded after import = 8
========================================================================
Received Import Request.
  Time since last request: 0.000150 seconds.
  path: Assets/SimpleSky/Models/Cloud_05.fbx
  artifactKey: Guid(5d92abef242cfcc4781ac2ae661d8fe8) Importer(815301076,1909f56bfc062723c751e8b465ee728b)
Start importing Assets/SimpleSky/Models/Cloud_05.fbx using Guid(5d92abef242cfcc4781ac2ae661d8fe8) Importer(815301076,1909f56bfc062723c751e8b465ee728b) [PhysX] Initialized MultithreadedTaskDispatcher with 8 workers.
[PhysX] Initialized MultithreadedTaskDispatcher with 8 workers.
[PhysX] Initialized MultithreadedTaskDispatcher with 8 workers.
 -> (artifact id: 'ec6796a0857157c38d4b2cdaf5b389e3') in 0.050572 seconds
Number of updated asset objects reloaded before import = 0
Number of asset objects unloaded after import = 8
========================================================================
Received Import Request.
  Time since last request: 0.000093 seconds.
  path: Assets/SimpleSky/Models/Cloud_06.fbx
  artifactKey: Guid(9eee4a1abc7933341a548cf4c5fa26cb) Importer(815301076,1909f56bfc062723c751e8b465ee728b)
Start importing Assets/SimpleSky/Models/Cloud_06.fbx using Guid(9eee4a1abc7933341a548cf4c5fa26cb) Importer(815301076,1909f56bfc062723c751e8b465ee728b) [PhysX] Initialized MultithreadedTaskDispatcher with 8 workers.
[PhysX] Initialized MultithreadedTaskDispatcher with 8 workers.
[PhysX] Initialized MultithreadedTaskDispatcher with 8 workers.
 -> (artifact id: 'b51ef0246467f63c181b630ad63d693f') in 0.041135 seconds
Number of updated asset objects reloaded before import = 0
Number of asset objects unloaded after import = 8
========================================================================
Received Import Request.
  Time since last request: 454.061184 seconds.
  path: Assets/Free LowPoly SciFi Pack/Meshes/Materials/BLUE_LIGHT_mat.mat
  artifactKey: Guid(a28bc46fe61ec46459b3c7963146ff11) Importer(815301076,1909f56bfc062723c751e8b465ee728b)
Start importing Assets/Free LowPoly SciFi Pack/Meshes/Materials/BLUE_LIGHT_mat.mat using Guid(a28bc46fe61ec46459b3c7963146ff11) Importer(815301076,1909f56bfc062723c751e8b465ee728b) [PhysX] Initialized MultithreadedTaskDispatcher with 8 workers.
[PhysX] Initialized MultithreadedTaskDispatcher with 8 workers.
 -> (artifact id: '29fbfff2fe17252b5991d5b6a147953b') in 0.045752 seconds
Number of updated asset objects reloaded before import = 0
Number of asset objects unloaded after import = 3
========================================================================
Received Import Request.
  Time since last request: 0.000110 seconds.
  path: Assets/Free LowPoly SciFi Pack/Meshes/Materials/HUD_mat.mat
  artifactKey: Guid(d4572e24dad494bbba48608741dd7f9c) Importer(815301076,1909f56bfc062723c751e8b465ee728b)
Start importing Assets/Free LowPoly SciFi Pack/Meshes/Materials/HUD_mat.mat using Guid(d4572e24dad494bbba48608741dd7f9c) Importer(815301076,1909f56bfc062723c751e8b465ee728b) [PhysX] Initialized MultithreadedTaskDispatcher with 8 workers.
[PhysX] Initialized MultithreadedTaskDispatcher with 8 workers.
 -> (artifact id: '6484f0267d7dee8d3007a30bd8c85dbe') in 0.015884 seconds
Number of updated asset objects reloaded before import = 0
Number of asset objects unloaded after import = 2
========================================================================
Received Import Request.
  Time since last request: 0.001916 seconds.
  path: Assets/FloorShader.shadergraph
  artifactKey: Guid(18ba40e4dfef54d3fab0dadc61273f3e) Importer(815301076,1909f56bfc062723c751e8b465ee728b)
Start importing Assets/FloorShader.shadergraph using Guid(18ba40e4dfef54d3fab0dadc61273f3e) Importer(815301076,1909f56bfc062723c751e8b465ee728b) [PhysX] Initialized MultithreadedTaskDispatcher with 8 workers.
[PhysX] Initialized MultithreadedTaskDispatcher with 8 workers.
 -> (artifact id: 'd62b7f521a84935a37dbfaace2dc4dc3') in 0.023129 seconds
Number of updated asset objects reloaded before import = 0
Number of asset objects unloaded after import = 2
========================================================================
Received Import Request.
  Time since last request: 61.140411 seconds.
  path: Assets/Free LowPoly SciFi Pack/Prefabs/LabTable 1.prefab
  artifactKey: Guid(30cd503e011964e44a504187edf19ca4) Importer(815301076,1909f56bfc062723c751e8b465ee728b)
Start importing Assets/Free LowPoly SciFi Pack/Prefabs/LabTable 1.prefab using Guid(30cd503e011964e44a504187edf19ca4) Importer(815301076,1909f56bfc062723c751e8b465ee728b) [PhysX] Initialized MultithreadedTaskDispatcher with 8 workers.
[PhysX] Initialized MultithreadedTaskDispatcher with 8 workers.
 -> (artifact id: '503684f582f7245051454c352a7c6837') in 0.021256 seconds
Number of updated asset objects reloaded before import = 0
Number of asset objects unloaded after import = 12
========================================================================
Received Import Request.
  Time since last request: 0.026661 seconds.
  path: Assets/Free LowPoly SciFi Pack/Prefabs/CornerWindowA.prefab
  artifactKey: Guid(3aa541d38da2cd643aec89b050153446) Importer(815301076,1909f56bfc062723c751e8b465ee728b)
Start importing Assets/Free LowPoly SciFi Pack/Prefabs/CornerWindowA.prefab using Guid(3aa541d38da2cd643aec89b050153446) Importer(815301076,1909f56bfc062723c751e8b465ee728b) [PhysX] Initialized MultithreadedTaskDispatcher with 8 workers.
[PhysX] Initialized MultithreadedTaskDispatcher with 8 workers.
 -> (artifact id: '760304cc1b0558e2bcf76bd86e14ac3c') in 0.024343 seconds
Number of updated asset objects reloaded before import = 0
Number of asset objects unloaded after import = 13
========================================================================
Received Import Request.
  Time since last request: 0.000083 seconds.
  path: Assets/Free LowPoly SciFi Pack/Prefabs/GateSmallFrameB.prefab
  artifactKey: Guid(fa577da00fa6c43409027bfc2cb446f1) Importer(815301076,1909f56bfc062723c751e8b465ee728b)
Start importing Assets/Free LowPoly SciFi Pack/Prefabs/GateSmallFrameB.prefab using Guid(fa577da00fa6c43409027bfc2cb446f1) Importer(815301076,1909f56bfc062723c751e8b465ee728b) [PhysX] Initialized MultithreadedTaskDispatcher with 8 workers.
[PhysX] Initialized MultithreadedTaskDispatcher with 8 workers.
 -> (artifact id: 'f8c7a33d96202f2c01b0344b478099bb') in 0.042258 seconds
Number of updated asset objects reloaded before import = 0
Number of asset objects unloaded after import = 15
========================================================================
Received Import Request.
  Time since last request: 0.000515 seconds.
  path: Assets/Free LowPoly SciFi Pack/Prefabs/PanelB.prefab
  artifactKey: Guid(c68b5d42961bd3a41a87f5d02a3af643) Importer(815301076,1909f56bfc062723c751e8b465ee728b)
Start importing Assets/Free LowPoly SciFi Pack/Prefabs/PanelB.prefab using Guid(c68b5d42961bd3a41a87f5d02a3af643) Importer(815301076,1909f56bfc062723c751e8b465ee728b) [PhysX] Initialized MultithreadedTaskDispatcher with 8 workers.
[PhysX] Initialized MultithreadedTaskDispatcher with 8 workers.
 -> (artifact id: '0784ffec178203beb678029beece3039') in 0.028671 seconds
Number of updated asset objects reloaded before import = 0
Number of asset objects unloaded after import = 12
========================================================================
Received Import Request.
  Time since last request: 0.003213 seconds.
  path: Assets/Free LowPoly SciFi Pack/Prefabs/FloorInteriorA6.prefab
  artifactKey: Guid(101f679722cc4c546a9cb039c6c83e77) Importer(815301076,1909f56bfc062723c751e8b465ee728b)
Start importing Assets/Free LowPoly SciFi Pack/Prefabs/FloorInteriorA6.prefab using Guid(101f679722cc4c546a9cb039c6c83e77) Importer(815301076,1909f56bfc062723c751e8b465ee728b) [PhysX] Initialized MultithreadedTaskDispatcher with 8 workers.
[PhysX] Initialized MultithreadedTaskDispatcher with 8 workers.
 -> (artifact id: '31e3239ddff5ad30bc9065f972f4f366') in 0.019660 seconds
Number of updated asset objects reloaded before import = 0
Number of asset objects unloaded after import = 14
========================================================================
Received Import Request.
  Time since last request: 0.000072 seconds.
  path: Assets/Free LowPoly SciFi Pack/Prefabs/RampSmall.prefab
  artifactKey: Guid(68a175f629f570f429cddf1860f76ad3) Importer(815301076,1909f56bfc062723c751e8b465ee728b)
Start importing Assets/Free LowPoly SciFi Pack/Prefabs/RampSmall.prefab using Guid(68a175f629f570f429cddf1860f76ad3) Importer(815301076,1909f56bfc062723c751e8b465ee728b) [PhysX] Initialized MultithreadedTaskDispatcher with 8 workers.
[PhysX] Initialized MultithreadedTaskDispatcher with 8 workers.
 -> (artifact id: '8d80d88309dae50038eac0d7ce37dfc3') in 0.023773 seconds
Number of updated asset objects reloaded before import = 0
Number of asset objects unloaded after import = 12
========================================================================
Received Import Request.
  Time since last request: 0.000085 seconds.
  path: Assets/Free LowPoly SciFi Pack/Prefabs/HandRailSmall.prefab
  artifactKey: Guid(230464eeaeb27b54c8c52bd67155038c) Importer(815301076,1909f56bfc062723c751e8b465ee728b)
Start importing Assets/Free LowPoly SciFi Pack/Prefabs/HandRailSmall.prefab using Guid(230464eeaeb27b54c8c52bd67155038c) Importer(815301076,1909f56bfc062723c751e8b465ee728b) [PhysX] Initialized MultithreadedTaskDispatcher with 8 workers.
[PhysX] Initialized MultithreadedTaskDispatcher with 8 workers.
 -> (artifact id: 'c490ec2e63f85bc25bf6a91937022d00') in 0.025687 seconds
Number of updated asset objects reloaded before import = 0
Number of asset objects unloaded after import = 11
========================================================================
Received Import Request.
  Time since last request: 27.588740 seconds.
  path: Assets/Free LowPoly SciFi Pack/Meshes/Materials/GREY_mat Variant.mat
  artifactKey: Guid(5a9774d540a0446d7b216647b449d356) Importer(815301076,1909f56bfc062723c751e8b465ee728b)
Start importing Assets/Free LowPoly SciFi Pack/Meshes/Materials/GREY_mat Variant.mat using Guid(5a9774d540a0446d7b216647b449d356) Importer(815301076,1909f56bfc062723c751e8b465ee728b) [PhysX] Initialized MultithreadedTaskDispatcher with 8 workers.
[PhysX] Initialized MultithreadedTaskDispatcher with 8 workers.
 -> (artifact id: 'c96cbb6a996112d0560155a2258aa08b') in 0.023462 seconds
Number of updated asset objects reloaded before import = 0
Number of asset objects unloaded after import = 3
========================================================================
Received Import Request.
  Time since last request: 159.714503 seconds.
  path: Assets/Free LowPoly SciFi Pack/Meshes/Materials/New Material.mat
  artifactKey: Guid(8b6dcd2a496914f19acb3a4d84c6d4fa) Importer(815301076,1909f56bfc062723c751e8b465ee728b)
Start importing Assets/Free LowPoly SciFi Pack/Meshes/Materials/New Material.mat using Guid(8b6dcd2a496914f19acb3a4d84c6d4fa) Importer(815301076,1909f56bfc062723c751e8b465ee728b) [PhysX] Initialized MultithreadedTaskDispatcher with 8 workers.
[PhysX] Initialized MultithreadedTaskDispatcher with 8 workers.
 -> (artifact id: '505db5a17f4502622c311d21880708b3') in 0.026289 seconds
Number of updated asset objects reloaded before import = 0
Number of asset objects unloaded after import = 2
========================================================================
Received Import Request.
  Time since last request: 393.568947 seconds.
  path: Assets/Free LowPoly SciFi Pack/Meshes/Materials/GREY_mat Variant.mat
  artifactKey: Guid(5a9774d540a0446d7b216647b449d356) Importer(815301076,1909f56bfc062723c751e8b465ee728b)
Start importing Assets/Free LowPoly SciFi Pack/Meshes/Materials/GREY_mat Variant.mat using Guid(5a9774d540a0446d7b216647b449d356) Importer(815301076,1909f56bfc062723c751e8b465ee728b) [PhysX] Initialized MultithreadedTaskDispatcher with 8 workers.
[PhysX] Initialized MultithreadedTaskDispatcher with 8 workers.
 -> (artifact id: 'be1456f3c97a7e82a85cafb0f4c1cacc') in 0.027550 seconds
Number of updated asset objects reloaded before import = 0
Number of asset objects unloaded after import = 3
========================================================================
Received Import Request.
  Time since last request: 0.000409 seconds.
  path: Assets/Free LowPoly SciFi Pack/Meshes/Materials/tabletop.mat
  artifactKey: Guid(8b6dcd2a496914f19acb3a4d84c6d4fa) Importer(815301076,1909f56bfc062723c751e8b465ee728b)
Start importing Assets/Free LowPoly SciFi Pack/Meshes/Materials/tabletop.mat using Guid(8b6dcd2a496914f19acb3a4d84c6d4fa) Importer(815301076,1909f56bfc062723c751e8b465ee728b) [PhysX] Initialized MultithreadedTaskDispatcher with 8 workers.
[PhysX] Initialized MultithreadedTaskDispatcher with 8 workers.
 -> (artifact id: 'd709c462d3faa8e7e9679a0846dfc14c') in 0.013646 seconds
Number of updated asset objects reloaded before import = 0
Number of asset objects unloaded after import = 2
========================================================================
Received Import Request.
  Time since last request: 273.924096 seconds.
  path: Assets/Food Pack-Demo/Prefabs/Bundt Cake cut.prefab
  artifactKey: Guid(475c2b2992311884da42708c21b4e989) Importer(815301076,1909f56bfc062723c751e8b465ee728b)
Start importing Assets/Food Pack-Demo/Prefabs/Bundt Cake cut.prefab using Guid(475c2b2992311884da42708c21b4e989) Importer(815301076,1909f56bfc062723c751e8b465ee728b) [PhysX] Initialized MultithreadedTaskDispatcher with 8 workers.
[PhysX] Initialized MultithreadedTaskDispatcher with 8 workers.
WARNING: RGBA Compressed ASTC6X6 sRGB format is not supported, decompressing texture
 -> (artifact id: 'c0b7ac70df041ebb8c614adc3a8a3928') in 1.337992 seconds
Number of updated asset objects reloaded before import = 0
Number of asset objects unloaded after import = 10
========================================================================
Received Import Request.
  Time since last request: 429.788381 seconds.
  path: Assets/Food Pack-Demo/Prefabs with colliders/Bundt Cake cut.prefab
  artifactKey: Guid(00b58c22752558540a1e4fe6b3c74ac8) Importer(815301076,1909f56bfc062723c751e8b465ee728b)
Start importing Assets/Food Pack-Demo/Prefabs with colliders/Bundt Cake cut.prefab using Guid(00b58c22752558540a1e4fe6b3c74ac8) Importer(815301076,1909f56bfc062723c751e8b465ee728b) [PhysX] Initialized MultithreadedTaskDispatcher with 8 workers.
[PhysX] Initialized MultithreadedTaskDispatcher with 8 workers.
WARNING: RGBA Compressed ASTC6X6 sRGB format is not supported, decompressing texture
 -> (artifact id: '2db563ad093b699e7b29dfd0c3aeef93') in 0.065547 seconds
Number of updated asset objects reloaded before import = 0
Number of asset objects unloaded after import = 15
========================================================================
Received Import Request.
  Time since last request: 13.697584 seconds.
  path: Assets/Food Pack-Demo/Materials/Glass.mat
  artifactKey: Guid(b133b755a13992d4e820112f19c845cc) Importer(815301076,1909f56bfc062723c751e8b465ee728b)
Start importing Assets/Food Pack-Demo/Materials/Glass.mat using Guid(b133b755a13992d4e820112f19c845cc) Importer(815301076,1909f56bfc062723c751e8b465ee728b) [PhysX] Initialized MultithreadedTaskDispatcher with 8 workers.
[PhysX] Initialized MultithreadedTaskDispatcher with 8 workers.
 -> (artifact id: '244324568756059321c9864d84c7b63f') in 0.948939 seconds
Number of updated asset objects reloaded before import = 0
Number of asset objects unloaded after import = 2
========================================================================
Received Import Request.
  Time since last request: 2.496808 seconds.
  path: Assets/Food Pack-Demo/Mesh/Bundt Cake cut.fbx
  artifactKey: Guid(1da8cd687b7cd2c4aa96694efbefc8ab) Importer(815301076,1909f56bfc062723c751e8b465ee728b)
Start importing Assets/Food Pack-Demo/Mesh/Bundt Cake cut.fbx using Guid(1da8cd687b7cd2c4aa96694efbefc8ab) Importer(815301076,1909f56bfc062723c751e8b465ee728b) [PhysX] Initialized MultithreadedTaskDispatcher with 8 workers.
[PhysX] Initialized MultithreadedTaskDispatcher with 8 workers.
[PhysX] Initialized MultithreadedTaskDispatcher with 8 workers.
 -> (artifact id: 'c67d92985f0e9685ae6af0e9ceefaf1a') in 0.029487 seconds
Number of updated asset objects reloaded before import = 0
Number of asset objects unloaded after import = 8
========================================================================
Received Import Request.
  Time since last request: 9.358621 seconds.
  path: Assets/Food Pack-Demo/Mesh Collider/Bundt Cake cut_collider 2.fbx
  artifactKey: Guid(468961cf51288dc43baf8231d700d6d8) Importer(815301076,1909f56bfc062723c751e8b465ee728b)
Start importing Assets/Food Pack-Demo/Mesh Collider/Bundt Cake cut_collider 2.fbx using Guid(468961cf51288dc43baf8231d700d6d8) Importer(815301076,1909f56bfc062723c751e8b465ee728b) [PhysX] Initialized MultithreadedTaskDispatcher with 8 workers.
[PhysX] Initialized MultithreadedTaskDispatcher with 8 workers.
[PhysX] Initialized MultithreadedTaskDispatcher with 8 workers.
 -> (artifact id: '90c127a45c7a6b0040eb48448ba5d235') in 0.031399 seconds
Number of updated asset objects reloaded before import = 0
Number of asset objects unloaded after import = 8
========================================================================
Received Import Request.
  Time since last request: 0.000091 seconds.
  path: Assets/Food Pack-Demo/Mesh Collider/Bundt Cake_collider.fbx
  artifactKey: Guid(47d699b194c4a9f42b80fc34e148967a) Importer(815301076,1909f56bfc062723c751e8b465ee728b)
Start importing Assets/Food Pack-Demo/Mesh Collider/Bundt Cake_collider.fbx using Guid(47d699b194c4a9f42b80fc34e148967a) Importer(815301076,1909f56bfc062723c751e8b465ee728b) [PhysX] Initialized MultithreadedTaskDispatcher with 8 workers.
[PhysX] Initialized MultithreadedTaskDispatcher with 8 workers.
[PhysX] Initialized MultithreadedTaskDispatcher with 8 workers.
 -> (artifact id: 'c3b5cdd9a21d1924db6fccdf727bad75') in 0.026864 seconds
Number of updated asset objects reloaded before import = 0
Number of asset objects unloaded after import = 8
========================================================================
Received Import Request.
  Time since last request: 28.263403 seconds.
  path: Assets/Free LowPoly SciFi Pack/Meshes/CeilingLampA_mesh.fbx
  artifactKey: Guid(1e63a2480425818428b2cc5e8e9ebc54) Importer(815301076,1909f56bfc062723c751e8b465ee728b)
Start importing Assets/Free LowPoly SciFi Pack/Meshes/CeilingLampA_mesh.fbx using Guid(1e63a2480425818428b2cc5e8e9ebc54) Importer(815301076,1909f56bfc062723c751e8b465ee728b) [PhysX] Initialized MultithreadedTaskDispatcher with 8 workers.
[PhysX] Initialized MultithreadedTaskDispatcher with 8 workers.
[PhysX] Initialized MultithreadedTaskDispatcher with 8 workers.
 -> (artifact id: '4853acab1e5cbcbb7ecc1d74c92a7645') in 0.038122 seconds
Number of updated asset objects reloaded before import = 0
Number of asset objects unloaded after import = 11
========================================================================
Received Import Request.
  Time since last request: 0.000076 seconds.
  path: Assets/Free LowPoly SciFi Pack/Meshes/ColumnB_mesh.fbx
  artifactKey: Guid(5fd94bba744a8c44991c32247651bb99) Importer(815301076,1909f56bfc062723c751e8b465ee728b)
Start importing Assets/Free LowPoly SciFi Pack/Meshes/ColumnB_mesh.fbx using Guid(5fd94bba744a8c44991c32247651bb99) Importer(815301076,1909f56bfc062723c751e8b465ee728b) [PhysX] Initialized MultithreadedTaskDispatcher with 8 workers.
[PhysX] Initialized MultithreadedTaskDispatcher with 8 workers.
[PhysX] Initialized MultithreadedTaskDispatcher with 8 workers.
 -> (artifact id: 'b1de150519157dca867cb8cab3e3a368') in 0.044558 seconds
Number of updated asset objects reloaded before import = 0
Number of asset objects unloaded after import = 13
========================================================================
Received Import Request.
  Time since last request: 0.000332 seconds.
  path: Assets/Free LowPoly SciFi Pack/Meshes/FloorInteriorA4_mesh.fbx
  artifactKey: Guid(cd5013dcdd394644b9c57e0e573898dc) Importer(815301076,1909f56bfc062723c751e8b465ee728b)
Start importing Assets/Free LowPoly SciFi Pack/Meshes/FloorInteriorA4_mesh.fbx using Guid(cd5013dcdd394644b9c57e0e573898dc) Importer(815301076,1909f56bfc062723c751e8b465ee728b) [PhysX] Initialized MultithreadedTaskDispatcher with 8 workers.
[PhysX] Initialized MultithreadedTaskDispatcher with 8 workers.
[PhysX] Initialized MultithreadedTaskDispatcher with 8 workers.
 -> (artifact id: '83eff7c33012b4bbf2db4ee644ce8e98') in 0.059054 seconds
Number of updated asset objects reloaded before import = 0
Number of asset objects unloaded after import = 15
========================================================================
Received Import Request.
  Time since last request: 0.001459 seconds.
  path: Assets/Free LowPoly SciFi Pack/Meshes/LabTable_mesh.fbx
  artifactKey: Guid(7a16876a3740cbd4b863a3a3db778e14) Importer(815301076,1909f56bfc062723c751e8b465ee728b)
Start importing Assets/Free LowPoly SciFi Pack/Meshes/LabTable_mesh.fbx using Guid(7a16876a3740cbd4b863a3a3db778e14) Importer(815301076,1909f56bfc062723c751e8b465ee728b) [PhysX] Initialized MultithreadedTaskDispatcher with 8 workers.
[PhysX] Initialized MultithreadedTaskDispatcher with 8 workers.
[PhysX] Initialized MultithreadedTaskDispatcher with 8 workers.
 -> (artifact id: '097044a857637c2f266915eb15def67b') in 0.031274 seconds
Number of updated asset objects reloaded before import = 0
Number of asset objects unloaded after import = 13
========================================================================
Received Import Request.
  Time since last request: 0.000071 seconds.
  path: Assets/Free LowPoly SciFi Pack/Meshes/GateSmallFrameB_mesh.fbx
  artifactKey: Guid(41c20a22c931844479143387a0152c7e) Importer(815301076,1909f56bfc062723c751e8b465ee728b)
Start importing Assets/Free LowPoly SciFi Pack/Meshes/GateSmallFrameB_mesh.fbx using Guid(41c20a22c931844479143387a0152c7e) Importer(815301076,1909f56bfc062723c751e8b465ee728b) [PhysX] Initialized MultithreadedTaskDispatcher with 8 workers.
[PhysX] Initialized MultithreadedTaskDispatcher with 8 workers.
[PhysX] Initialized MultithreadedTaskDispatcher with 8 workers.
 -> (artifact id: 'c6279e5f669d1aab4f72b19ff08e9dae') in 0.059357 seconds
Number of updated asset objects reloaded before import = 0
Number of asset objects unloaded after import = 17
========================================================================
Received Import Request.
  Time since last request: 0.000127 seconds.
  path: Assets/Free LowPoly SciFi Pack/Meshes/CornerWindowA_mesh.fbx
  artifactKey: Guid(a9dd38c484b428f449090e885042f887) Importer(815301076,1909f56bfc062723c751e8b465ee728b)
Start importing Assets/Free LowPoly SciFi Pack/Meshes/CornerWindowA_mesh.fbx using Guid(a9dd38c484b428f449090e885042f887) Importer(815301076,1909f56bfc062723c751e8b465ee728b) [PhysX] Initialized MultithreadedTaskDispatcher with 8 workers.
[PhysX] Initialized MultithreadedTaskDispatcher with 8 workers.
[PhysX] Initialized MultithreadedTaskDispatcher with 8 workers.
 -> (artifact id: '62585104be6c21e725b3b7dbc2ba4dd8') in 0.035417 seconds
Number of updated asset objects reloaded before import = 0
Number of asset objects unloaded after import = 14
========================================================================
Received Import Request.
  Time since last request: 0.000182 seconds.
  path: Assets/Free LowPoly SciFi Pack/Meshes/GateSmallFrameC_mesh.fbx
  artifactKey: Guid(6c6b31e560e09604081a2848c153e8d1) Importer(815301076,1909f56bfc062723c751e8b465ee728b)
Start importing Assets/Free LowPoly SciFi Pack/Meshes/GateSmallFrameC_mesh.fbx using Guid(6c6b31e560e09604081a2848c153e8d1) Importer(815301076,1909f56bfc062723c751e8b465ee728b) [PhysX] Initialized MultithreadedTaskDispatcher with 8 workers.
[PhysX] Initialized MultithreadedTaskDispatcher with 8 workers.
[PhysX] Initialized MultithreadedTaskDispatcher with 8 workers.
 -> (artifact id: '533d1ce1686ba03ee5d712151f828d7d') in 0.047101 seconds
Number of updated asset objects reloaded before import = 0
Number of asset objects unloaded after import = 16
========================================================================
Received Import Request.
  Time since last request: 2.996115 seconds.
  path: Assets/Free LowPoly SciFi Pack/Prefabs/CornerWindowA.prefab
  artifactKey: Guid(3aa541d38da2cd643aec89b050153446) Importer(815301076,1909f56bfc062723c751e8b465ee728b)
Start importing Assets/Free LowPoly SciFi Pack/Prefabs/CornerWindowA.prefab using Guid(3aa541d38da2cd643aec89b050153446) Importer(815301076,1909f56bfc062723c751e8b465ee728b) [PhysX] Initialized MultithreadedTaskDispatcher with 8 workers.
[PhysX] Initialized MultithreadedTaskDispatcher with 8 workers.
 -> (artifact id: '033fccef758698498e7c39f4990a0436') in 0.027267 seconds
Number of updated asset objects reloaded before import = 0
Number of asset objects unloaded after import = 14
========================================================================
Received Import Request.
  Time since last request: 0.000188 seconds.
  path: Assets/Free LowPoly SciFi Pack/Prefabs/GateSmallFrameB.prefab
  artifactKey: Guid(fa577da00fa6c43409027bfc2cb446f1) Importer(815301076,1909f56bfc062723c751e8b465ee728b)
Start importing Assets/Free LowPoly SciFi Pack/Prefabs/GateSmallFrameB.prefab using Guid(fa577da00fa6c43409027bfc2cb446f1) Importer(815301076,1909f56bfc062723c751e8b465ee728b) [PhysX] Initialized MultithreadedTaskDispatcher with 8 workers.
[PhysX] Initialized MultithreadedTaskDispatcher with 8 workers.
 -> (artifact id: '249fc28117d4b00d0581cd6c4831d52e') in 0.030873 seconds
Number of updated asset objects reloaded before import = 0
Number of asset objects unloaded after import = 16
========================================================================
Received Import Request.
  Time since last request: 0.000107 seconds.
  path: Assets/Free LowPoly SciFi Pack/Prefabs/PanelB.prefab
  artifactKey: Guid(c68b5d42961bd3a41a87f5d02a3af643) Importer(815301076,1909f56bfc062723c751e8b465ee728b)
Start importing Assets/Free LowPoly SciFi Pack/Prefabs/PanelB.prefab using Guid(c68b5d42961bd3a41a87f5d02a3af643) Importer(815301076,1909f56bfc062723c751e8b465ee728b) [PhysX] Initialized MultithreadedTaskDispatcher with 8 workers.
[PhysX] Initialized MultithreadedTaskDispatcher with 8 workers.
 -> (artifact id: 'dc4b5720bfe3fb7741682f46979fb785') in 0.026533 seconds
Number of updated asset objects reloaded before import = 0
Number of asset objects unloaded after import = 13
========================================================================
Received Import Request.
  Time since last request: 0.000133 seconds.
  path: Assets/Free LowPoly SciFi Pack/Prefabs/WallLargeB.prefab
  artifactKey: Guid(0150c0006494bd84198ac13cd4d0d7f5) Importer(815301076,1909f56bfc062723c751e8b465ee728b)
Start importing Assets/Free LowPoly SciFi Pack/Prefabs/WallLargeB.prefab using Guid(0150c0006494bd84198ac13cd4d0d7f5) Importer(815301076,1909f56bfc062723c751e8b465ee728b) [PhysX] Initialized MultithreadedTaskDispatcher with 8 workers.
[PhysX] Initialized MultithreadedTaskDispatcher with 8 workers.
 -> (artifact id: '4df0c6ccf23b51100cb4e1903fb5e6f0') in 0.025692 seconds
Number of updated asset objects reloaded before import = 0
Number of asset objects unloaded after import = 13
========================================================================
Received Import Request.
  Time since last request: 0.002769 seconds.
  path: Assets/Free LowPoly SciFi Pack/Prefabs/WallSmallC.prefab
  artifactKey: Guid(ba75f6548b81ad440be3522e8695d23c) Importer(815301076,1909f56bfc062723c751e8b465ee728b)
Start importing Assets/Free LowPoly SciFi Pack/Prefabs/WallSmallC.prefab using Guid(ba75f6548b81ad440be3522e8695d23c) Importer(815301076,1909f56bfc062723c751e8b465ee728b) [PhysX] Initialized MultithreadedTaskDispatcher with 8 workers.
[PhysX] Initialized MultithreadedTaskDispatcher with 8 workers.
 -> (artifact id: '42c9e546b15e8c4b8dcd0f1980a2b22a') in 0.023816 seconds
Number of updated asset objects reloaded before import = 0
Number of asset objects unloaded after import = 13
========================================================================
Received Import Request.
  Time since last request: 0.000198 seconds.
  path: Assets/Free LowPoly SciFi Pack/Prefabs/GateSmallFrameC.prefab
  artifactKey: Guid(e6037065a7ca30841ba445cefd3ad5f8) Importer(815301076,1909f56bfc062723c751e8b465ee728b)
Start importing Assets/Free LowPoly SciFi Pack/Prefabs/GateSmallFrameC.prefab using Guid(e6037065a7ca30841ba445cefd3ad5f8) Importer(815301076,1909f56bfc062723c751e8b465ee728b) [PhysX] Initialized MultithreadedTaskDispatcher with 8 workers.
[PhysX] Initialized MultithreadedTaskDispatcher with 8 workers.
 -> (artifact id: '9f1af8edc4bcc12f864b9675ea0832d8') in 0.021163 seconds
Number of updated asset objects reloaded before import = 0
Number of asset objects unloaded after import = 16
========================================================================
Received Import Request.
  Time since last request: 19.153662 seconds.
  path: Assets/UNDERPOLY - Free Hot-Air Balloons/Models/Prefabs/V1_HotAirBalloon_1.prefab
  artifactKey: Guid(3e69eb46379c673428b72c2c490237a1) Importer(815301076,1909f56bfc062723c751e8b465ee728b)
Start importing Assets/UNDERPOLY - Free Hot-Air Balloons/Models/Prefabs/V1_HotAirBalloon_1.prefab using Guid(3e69eb46379c673428b72c2c490237a1) Importer(815301076,1909f56bfc062723c751e8b465ee728b) [PhysX] Initialized MultithreadedTaskDispatcher with 8 workers.
[PhysX] Initialized MultithreadedTaskDispatcher with 8 workers.
 -> (artifact id: '4c55a6ccee26afde98932521937ff765') in 0.040931 seconds
Number of updated asset objects reloaded before import = 0
Number of asset objects unloaded after import = 25
========================================================================
Received Import Request.
  Time since last request: 0.001069 seconds.
  path: Assets/UNDERPOLY - Free Hot-Air Balloons/Models/Prefabs/V1_HotAirBalloon_4.prefab
  artifactKey: Guid(6f6c6d9820b2cb34ba942a8f7e20d888) Importer(815301076,1909f56bfc062723c751e8b465ee728b)
Start importing Assets/UNDERPOLY - Free Hot-Air Balloons/Models/Prefabs/V1_HotAirBalloon_4.prefab using Guid(6f6c6d9820b2cb34ba942a8f7e20d888) Importer(815301076,1909f56bfc062723c751e8b465ee728b) [PhysX] Initialized MultithreadedTaskDispatcher with 8 workers.
[PhysX] Initialized MultithreadedTaskDispatcher with 8 workers.
 -> (artifact id: '414a93c8aaf2b518f88de37057372ee4') in 0.026286 seconds
Number of updated asset objects reloaded before import = 0
Number of asset objects unloaded after import = 25
========================================================================
Received Import Request.
  Time since last request: 0.000173 seconds.
  path: Assets/UNDERPOLY - Free Hot-Air Balloons/Models/Prefabs/V1_HotAirBalloon_3.prefab
  artifactKey: Guid(28024878cb1c89244bfac1e098c618c1) Importer(815301076,1909f56bfc062723c751e8b465ee728b)
Start importing Assets/UNDERPOLY - Free Hot-Air Balloons/Models/Prefabs/V1_HotAirBalloon_3.prefab using Guid(28024878cb1c89244bfac1e098c618c1) Importer(815301076,1909f56bfc062723c751e8b465ee728b) [PhysX] Initialized MultithreadedTaskDispatcher with 8 workers.
[PhysX] Initialized MultithreadedTaskDispatcher with 8 workers.
 -> (artifact id: '54f4c6783c7525c01f2bd13c4bb11a13') in 0.026161 seconds
Number of updated asset objects reloaded before import = 0
Number of asset objects unloaded after import = 25
========================================================================
Received Import Request.
  Time since last request: 42.976175 seconds.
  path: Assets/UNDERPOLY - Free Hot-Air Balloons/Models/Meshes/V1_HotAirBalloon_Burners.fbx
  artifactKey: Guid(055db6c8114398e45ac41cba82732f3f) Importer(815301076,1909f56bfc062723c751e8b465ee728b)
Start importing Assets/UNDERPOLY - Free Hot-Air Balloons/Models/Meshes/V1_HotAirBalloon_Burners.fbx using Guid(055db6c8114398e45ac41cba82732f3f) Importer(815301076,1909f56bfc062723c751e8b465ee728b) [PhysX] Initialized MultithreadedTaskDispatcher with 8 workers.
[PhysX] Initialized MultithreadedTaskDispatcher with 8 workers.
[PhysX] Initialized MultithreadedTaskDispatcher with 8 workers.
[PhysX] Initialized MultithreadedTaskDispatcher with 8 workers.
[PhysX] Initialized MultithreadedTaskDispatcher with 8 workers.
[PhysX] Initialized MultithreadedTaskDispatcher with 8 workers.
[PhysX] Initialized MultithreadedTaskDispatcher with 8 workers.
[PhysX] Initialized MultithreadedTaskDispatcher with 8 workers.
 -> (artifact id: 'e0974583a5c4597548f8a21b00889e31') in 0.099224 seconds
Number of updated asset objects reloaded before import = 0
Number of asset objects unloaded after import = 22
========================================================================
Received Import Request.
  Time since last request: 0.000136 seconds.
  path: Assets/UNDERPOLY - Free Hot-Air Balloons/Models/Meshes/V1_HotAirBalloon_Envelopes.fbx
  artifactKey: Guid(672fed9e67757c24883111c2c15368bc) Importer(815301076,1909f56bfc062723c751e8b465ee728b)
Start importing Assets/UNDERPOLY - Free Hot-Air Balloons/Models/Meshes/V1_HotAirBalloon_Envelopes.fbx using Guid(672fed9e67757c24883111c2c15368bc) Importer(815301076,1909f56bfc062723c751e8b465ee728b) [PhysX] Initialized MultithreadedTaskDispatcher with 8 workers.
[PhysX] Initialized MultithreadedTaskDispatcher with 8 workers.
[PhysX] Initialized MultithreadedTaskDispatcher with 8 workers.
[PhysX] Initialized MultithreadedTaskDispatcher with 8 workers.
[PhysX] Initialized MultithreadedTaskDispatcher with 8 workers.
[PhysX] Initialized MultithreadedTaskDispatcher with 8 workers.
[PhysX] Initialized MultithreadedTaskDispatcher with 8 workers.
[PhysX] Initialized MultithreadedTaskDispatcher with 8 workers.
 -> (artifact id: '871359faccbc96b363fddfc8472d7ff2') in 0.109778 seconds
Number of updated asset objects reloaded before import = 0
Number of asset objects unloaded after import = 22
========================================================================
Received Import Request.
  Time since last request: 12.517915 seconds.
  path: Assets/UNDERPOLY - Free Hot-Air Balloons/Models/Textures/V1_HotAirBalloon_Livery_2.png
  artifactKey: Guid(89223e114babe574bbf5587b19a4bdc6) Importer(815301076,1909f56bfc062723c751e8b465ee728b)
Start importing Assets/UNDERPOLY - Free Hot-Air Balloons/Models/Textures/V1_HotAirBalloon_Livery_2.png using Guid(89223e114babe574bbf5587b19a4bdc6) Importer(815301076,1909f56bfc062723c751e8b465ee728b) [PhysX] Initialized MultithreadedTaskDispatcher with 8 workers.
WARNING: RGBA Compressed ASTC4X4 UNorm format is not supported, decompressing texture
[PhysX] Initialized MultithreadedTaskDispatcher with 8 workers.
 -> (artifact id: 'd6f626717a9d20643126f022b19c09ff') in 0.202499 seconds
Number of updated asset objects reloaded before import = 0
Number of asset objects unloaded after import = 2
========================================================================
Received Import Request.
  Time since last request: 0.006805 seconds.
  path: Assets/UNDERPOLY - Free Hot-Air Balloons/Models/Textures/V1_HotAirBalloon_Livery_3.png
  artifactKey: Guid(3224407f12d333f4097c93ee8f5514a1) Importer(815301076,1909f56bfc062723c751e8b465ee728b)
Start importing Assets/UNDERPOLY - Free Hot-Air Balloons/Models/Textures/V1_HotAirBalloon_Livery_3.png using Guid(3224407f12d333f4097c93ee8f5514a1) Importer(815301076,1909f56bfc062723c751e8b465ee728b) [PhysX] Initialized MultithreadedTaskDispatcher with 8 workers.
WARNING: RGBA Compressed ASTC4X4 UNorm format is not supported, decompressing texture
[PhysX] Initialized MultithreadedTaskDispatcher with 8 workers.
 -> (artifact id: '42b20ff0a28a9cf721b108dcb04835a4') in 0.064281 seconds
Number of updated asset objects reloaded before import = 0
Number of asset objects unloaded after import = 2
========================================================================
Received Import Request.
  Time since last request: 0.000272 seconds.
  path: Assets/UNDERPOLY - Free Hot-Air Balloons/Models/Textures/V1_HotAirBalloon_Livery_4.png
  artifactKey: Guid(7b313951d3e6cbf4e8df5a62d4383683) Importer(815301076,1909f56bfc062723c751e8b465ee728b)
Start importing Assets/UNDERPOLY - Free Hot-Air Balloons/Models/Textures/V1_HotAirBalloon_Livery_4.png using Guid(7b313951d3e6cbf4e8df5a62d4383683) Importer(815301076,1909f56bfc062723c751e8b465ee728b) [PhysX] Initialized MultithreadedTaskDispatcher with 8 workers.
WARNING: RGBA Compressed ASTC4X4 UNorm format is not supported, decompressing texture
[PhysX] Initialized MultithreadedTaskDispatcher with 8 workers.
 -> (artifact id: 'c225df12e077a1ffd99ffe8227427b8e') in 0.051365 seconds
Number of updated asset objects reloaded before import = 0
Number of asset objects unloaded after import = 2
========================================================================
Received Import Request.
  Time since last request: 21.814975 seconds.
  path: Assets/UNDERPOLY - Free Hot-Air Balloons/Models/Meshes/Materials/VehiclesGeneric.mat
  artifactKey: Guid(2c44c07e0a9874a4080e4b14d60bb8e6) Importer(815301076,1909f56bfc062723c751e8b465ee728b)
Start importing Assets/UNDERPOLY - Free Hot-Air Balloons/Models/Meshes/Materials/VehiclesGeneric.mat using Guid(2c44c07e0a9874a4080e4b14d60bb8e6) Importer(815301076,1909f56bfc062723c751e8b465ee728b) [PhysX] Initialized MultithreadedTaskDispatcher with 8 workers.
[PhysX] Initialized MultithreadedTaskDispatcher with 8 workers.
 -> (artifact id: '0338bdb4f69605f84c6771e9016f612a') in 0.020491 seconds
Number of updated asset objects reloaded before import = 0
Number of asset objects unloaded after import = 2
========================================================================
Received Import Request.
  Time since last request: 520.778312 seconds.
  path: Assets/UNDERPOLY - Free Hot-Air Balloons/Models/Materials/V1_HotAirBalloon_Livery_1.mat
  artifactKey: Guid(40cc47e442f3d8844b0bad0c6e1283dc) Importer(815301076,1909f56bfc062723c751e8b465ee728b)
Start importing Assets/UNDERPOLY - Free Hot-Air Balloons/Models/Materials/V1_HotAirBalloon_Livery_1.mat using Guid(40cc47e442f3d8844b0bad0c6e1283dc) Importer(815301076,1909f56bfc062723c751e8b465ee728b) [PhysX] Initialized MultithreadedTaskDispatcher with 8 workers.
[PhysX] Initialized MultithreadedTaskDispatcher with 8 workers.
WARNING: RGBA Compressed ASTC4X4 UNorm format is not supported, decompressing texture
 -> (artifact id: '6a7fbb6b7d7569659e4775324005b800') in 0.087547 seconds
Number of updated asset objects reloaded before import = 0
Number of asset objects unloaded after import = 3
========================================================================
Received Import Request.
  Time since last request: 0.005661 seconds.
  path: Assets/UNDERPOLY - Free Hot-Air Balloons/Models/Materials/V1_HotAirBalloon_Livery_6.mat
  artifactKey: Guid(78bf9ac5b130b124c9a35e3a650b41fc) Importer(815301076,1909f56bfc062723c751e8b465ee728b)
Start importing Assets/UNDERPOLY - Free Hot-Air Balloons/Models/Materials/V1_HotAirBalloon_Livery_6.mat using Guid(78bf9ac5b130b124c9a35e3a650b41fc) Importer(815301076,1909f56bfc062723c751e8b465ee728b) [PhysX] Initialized MultithreadedTaskDispatcher with 8 workers.
[PhysX] Initialized MultithreadedTaskDispatcher with 8 workers.
WARNING: RGBA Compressed ASTC4X4 UNorm format is not supported, decompressing texture
 -> (artifact id: '6d37d08ac8ed8f7357b7d2b2429cf0e1') in 0.053220 seconds
Number of updated asset objects reloaded before import = 0
Number of asset objects unloaded after import = 3
========================================================================
Received Import Request.
  Time since last request: 0.000133 seconds.
  path: Assets/UNDERPOLY - Free Hot-Air Balloons/Models/Materials/V1_HotAirBalloon_Livery_3.mat
  artifactKey: Guid(eb80c9aedb629324a8acf3d1c6120c44) Importer(815301076,1909f56bfc062723c751e8b465ee728b)
Start importing Assets/UNDERPOLY - Free Hot-Air Balloons/Models/Materials/V1_HotAirBalloon_Livery_3.mat using Guid(eb80c9aedb629324a8acf3d1c6120c44) Importer(815301076,1909f56bfc062723c751e8b465ee728b) [PhysX] Initialized MultithreadedTaskDispatcher with 8 workers.
[PhysX] Initialized MultithreadedTaskDispatcher with 8 workers.
WARNING: RGBA Compressed ASTC4X4 UNorm format is not supported, decompressing texture
 -> (artifact id: '47fc49107906ca6c54073480ac22f1bc') in 0.040310 seconds
Number of updated asset objects reloaded before import = 0
Number of asset objects unloaded after import = 3
========================================================================
Received Import Request.
  Time since last request: 11.806890 seconds.
  path: Assets/UNDERPOLY - Free Hot-Air Balloons/Models/Meshes/V1_HotAirBalloon_Burners.fbx
  artifactKey: Guid(055db6c8114398e45ac41cba82732f3f) Importer(815301076,1909f56bfc062723c751e8b465ee728b)
Start importing Assets/UNDERPOLY - Free Hot-Air Balloons/Models/Meshes/V1_HotAirBalloon_Burners.fbx using Guid(055db6c8114398e45ac41cba82732f3f) Importer(815301076,1909f56bfc062723c751e8b465ee728b) [PhysX] Initialized MultithreadedTaskDispatcher with 8 workers.
[PhysX] Initialized MultithreadedTaskDispatcher with 8 workers.
[PhysX] Initialized MultithreadedTaskDispatcher with 8 workers.
[PhysX] Initialized MultithreadedTaskDispatcher with 8 workers.
[PhysX] Initialized MultithreadedTaskDispatcher with 8 workers.
[PhysX] Initialized MultithreadedTaskDispatcher with 8 workers.
[PhysX] Initialized MultithreadedTaskDispatcher with 8 workers.
[PhysX] Initialized MultithreadedTaskDispatcher with 8 workers.
 -> (artifact id: 'c5dcbb3cf2c51cba00fba95690578381') in 0.129681 seconds
Number of updated asset objects reloaded before import = 0
Number of asset objects unloaded after import = 20
========================================================================
Received Import Request.
  Time since last request: 0.000109 seconds.
  path: Assets/UNDERPOLY - Free Hot-Air Balloons/Models/Meshes/V1_HotAirBalloon_Envelopes.fbx
  artifactKey: Guid(672fed9e67757c24883111c2c15368bc) Importer(815301076,1909f56bfc062723c751e8b465ee728b)
Start importing Assets/UNDERPOLY - Free Hot-Air Balloons/Models/Meshes/V1_HotAirBalloon_Envelopes.fbx using Guid(672fed9e67757c24883111c2c15368bc) Importer(815301076,1909f56bfc062723c751e8b465ee728b) [PhysX] Initialized MultithreadedTaskDispatcher with 8 workers.
[PhysX] Initialized MultithreadedTaskDispatcher with 8 workers.
[PhysX] Initialized MultithreadedTaskDispatcher with 8 workers.
[PhysX] Initialized MultithreadedTaskDispatcher with 8 workers.
[PhysX] Initialized MultithreadedTaskDispatcher with 8 workers.
[PhysX] Initialized MultithreadedTaskDispatcher with 8 workers.
[PhysX] Initialized MultithreadedTaskDispatcher with 8 workers.
[PhysX] Initialized MultithreadedTaskDispatcher with 8 workers.
 -> (artifact id: '3a48bb404be51ca6fb1cd8d0416696fd') in 0.098464 seconds
Number of updated asset objects reloaded before import = 0
Number of asset objects unloaded after import = 20
========================================================================
Received Import Request.
  Time since last request: 137.191031 seconds.
  path: Assets/blue_balloon.mat
  artifactKey: Guid(8e81d3d8e50b44a75bcd6b46bd406b24) Importer(815301076,1909f56bfc062723c751e8b465ee728b)
Start importing Assets/blue_balloon.mat using Guid(8e81d3d8e50b44a75bcd6b46bd406b24) Importer(815301076,1909f56bfc062723c751e8b465ee728b) [PhysX] Initialized MultithreadedTaskDispatcher with 8 workers.
[PhysX] Initialized MultithreadedTaskDispatcher with 8 workers.
 -> (artifact id: '31956427984c689cce76d6ae70e318e4') in 0.024125 seconds
Number of updated asset objects reloaded before import = 0
Number of asset objects unloaded after import = 2
========================================================================
Received Import Request.
  Time since last request: 45.002625 seconds.
  path: Assets/blue_balloon 1.mat
  artifactKey: Guid(6e37e636bfce4433fb4e66960192a07b) Importer(815301076,1909f56bfc062723c751e8b465ee728b)
Start importing Assets/blue_balloon 1.mat using Guid(6e37e636bfce4433fb4e66960192a07b) Importer(815301076,1909f56bfc062723c751e8b465ee728b) [PhysX] Initialized MultithreadedTaskDispatcher with 8 workers.
[PhysX] Initialized MultithreadedTaskDispatcher with 8 workers.
 -> (artifact id: 'd30b734bf54d327e494b612cd1268df5') in 0.029129 seconds
Number of updated asset objects reloaded before import = 0
Number of asset objects unloaded after import = 2
========================================================================
Received Import Request.
  Time since last request: 168.394291 seconds.
  path: Assets/red_balloon 1.mat
  artifactKey: Guid(0109ed59a4e6a4a828d5a75ca548d004) Importer(815301076,1909f56bfc062723c751e8b465ee728b)
Start importing Assets/red_balloon 1.mat using Guid(0109ed59a4e6a4a828d5a75ca548d004) Importer(815301076,1909f56bfc062723c751e8b465ee728b) [PhysX] Initialized MultithreadedTaskDispatcher with 8 workers.
[PhysX] Initialized MultithreadedTaskDispatcher with 8 workers.
 -> (artifact id: '913f5966aeb00da50465f884f0416a76') in 0.027403 seconds
Number of updated asset objects reloaded before import = 0
Number of asset objects unloaded after import = 2
